imageDecoderService/build/intermediates/manifest_merge_blame_file/debug/manifest-merger-blame-debug-report.txt
1<?xml version="1.0" encoding="utf-8"?>
2<!--
3    $Id: AndroidManifest.xml 169 2012-01-15 18:33:24Z mroland $
4
5    @author Michael Roland <mi.roland@gmail.com>
6
7    Copyright (c) 2012 Michael Roland
8
9    ALL RIGHTS RESERVED.
10
11    Redistribution and use in source and binary forms, with or without
12    modification, are permitted provided that the following conditions are met:
13
14        * Redistributions of source code must retain the above copyright
15          notice, this list of conditions and the following disclaimer.
16        * Redistributions in binary form must reproduce the above copyright
17          notice, this list of conditions and the following disclaimer in the
18          documentation and/or other materials provided with the distribution.
19        * Neither the name Michael Roland nor the names of any contributors
20          may be used to endorse or promote products derived from this software
21          without specific prior written permission.
22
23    THIS SOFTWARE IS PROVIDED BY THE COPYRIGHT HOLDERS AND CONTRIBUTORS "AS IS" AND
24    ANY EXPRESS OR IMPLIED WARRANTIES, INCLUDING, BUT NOT LIMITED TO, THE IMPLIED
25    WARRANTIES OF MERCHANTABILITY AND FITNESS FOR A PARTICULAR PURPOSE ARE
26    DISCLAIMED. IN NO EVENT SHALL MICHAEL ROLAND BE LIABLE FOR ANY
27    DIRECT, INDIRECT, INCIDENTAL, SPECIAL, EXEMPLARY, OR CONSEQUENTIAL DAMAGES
28    (INCLUDING, BUT NOT LIMITED TO, PROCUREMENT OF SUBSTITUTE GOODS OR SERVICES;
29    LOSS OF USE, DATA, OR PROFITS; OR BUSINESS INTERRUPTION) HOWEVER CAUSED AND
30    ON ANY THEORY OF LIABILITY, WHETHER IN CONTRACT, STRICT LIABILITY, OR TORT
31    (INCLUDING NEGLIGENCE OR OTHERWISE) ARISING IN ANY WAY OUT OF THE USE OF THIS
32    SOFTWARE, EVEN IF ADVISED OF THE POSSIBILITY OF SUCH DAMAGE.
33-->
34<manifest xmlns:android="http://schemas.android.com/apk/res/android"
35    package="at.mroland.android.apps.imagedecoder" >
36
37    <uses-sdk
38        android:minSdkVersion="14"
38-->src\main\AndroidManifest.xml
39        android:targetSdkVersion="29" />
39-->src\main\AndroidManifest.xml
40
41</manifest>